2022-06-10 14:42:07,625 [DEBUG] Application initialization started
2022-06-10 14:42:07,625 [INFO] connected
2022-06-10 14:42:07,930 [INFO] API SERVER connected (SV-0018)
2022-06-10 14:42:07,930 [INFO] API SERVER connected (SV-0019)
2022-06-10 14:42:07,930 [INFO] API SERVER connected (SV-0020)
2022-06-10 14:42:07,931 [INFO] API SERVER connected (SV-0021)
2022-06-10 14:42:07,931 [DEBUG] Application initialization completed
2022-06-10 18:30:11,136 [ERROR] ユーザ情報の更新ができませんでした (user_id : S289EH2QD4)
2022-06-10 19:42:03,338 [ERROR] 商品情報の更新ができませんでした (item_id : OC4JI02IBA)
2022-06-10 20:09:01,412 [ERROR] ユーザ情報の更新ができませんでした (user_id : ETB7SXQ143)
2022-06-10 20:19:39,130 [ERROR] ブランド情報の更新ができませんでした (brand_id : V7C9W34KPB)
2022-06-10 21:05:44,352 [ERROR] 商品情報の更新ができませんでした (item_id : POT97UG9SH)
2022-06-10 21:11:15,354 [WARNING] APIサーバと接続が切れています. 3秒後にリトライします (server: SV-0018)
2022-06-10 21:42:18,341 [ERROR] 商品情報の更新ができませんでした (item_id : CBMR8EUGH0)
2022-06-10 21:42:08,363 [ERROR] 商品情報の更新ができませんでした (item_id : WG8WTC0ITU)
2022-06-10 21:42:20,368 [ERROR] ブランド情報の更新ができませんでした (brand_id : 0WOSWPP35)
2022-06-10 22:33:14,373 [WARNING] APIサーバと接続が切れています. 3秒後にリトライします (server: SV-0021)
2022-06-10 22:42:23,577 [ERROR] ユーザ情報の更新ができませんでした (user_id : 23JG8TPXM2)
2022-06-10 22:58:22,231 [ERROR] ユーザ情報の更新ができませんでした (user_id : 8ITPBH39IT)
2022-06-10 23:09:09,355 [ERROR] ユーザ情報の更新ができませんでした (user_id : OB2S39I52L)
2022-06-10 23:10:42,113 [ERROR] 商品情報の更新ができませんでした (item_id : HJL392UIM7)
2022-06-10 23:25:19,582 [ERROR] 商品情報の更新ができませんでした (item_id : 3JXVC39B18)
2022-06-10 23:26:22,241 [WARNING] APIサーバと接続が切れています. 3秒後にリトライします (server: SV-0018)
2022-06-10 23:28:07,587 [WARNING] APIサーバと接続が切れています. 3秒後にリトライします (server: SV-0019)
2022-06-10 23:30:32,128 [ERROR] ユーザ情報の更新ができませんでした (user_id : 3UE95KNV82)
2022-06-10 23:35:36,470 [ERROR] ブランド情報の更新ができませんでした (brand_id : CN986U913D)
2022-06-10 23:37:26,295 [ERROR] ユーザ情報の更新ができませんでした (user_id : ZVN74J9T2U)
2022-06-10 23:39:17,595 [ERROR] ユーザ情報の更新ができませんでした (user_id : ET82BX73GJ)
2022-06-11 01:26:22,612 [WARNING] APIサーバと接続が切れています. 3秒後にリトライします (server: SV-0018)
2022-06-11 02:39:19,017 [WARNING] APIサーバと接続が切れています. 3秒後にリトライします (server: SV-0020)
2022-06-11 09:09:09,516 [ERROR] ユーザ情報の更新ができませんでした (user_id : 9TWEU3850K)
2022-06-11 13:10:42,313 [ERROR] 商品情報の更新ができませんでした (item_id : 08D2GI07BS)
2022-06-11 15:09:09,356 [ERROR] ユーザ情報の更新ができませんでした (user_id : WTE865KB9T)
2022-06-11 22:10:22,153 [ERROR] 商品情報の更新ができませんでした (item_id : BM38X5VW9)
2022-06-11 22:10:29,368 [ERROR] ブランド情報の更新ができませんでした (brand_id : TW83B73B07)
2022-06-11 22:12:42,582 [ERROR] 商品情報の更新ができませんでした (item_id : TS98GN39JT)
2022-06-11 23:09:13,582 [ERROR] 商品情報の更新ができませんでした (item_id : 3BTUB762G0)
2022-06-11 23:19:22,368 [ERROR] ブランド情報の更新ができませんでした (brand_id : XER74UBJ8I)
2022-06-12 01:11:42,313 [ERROR] 商品情報の更新ができませんでした (item_id : W45KT07B3F)
2022-06-12 04:24:09,356 [ERROR] ユーザ情報の更新ができませんでした (user_id : TU80B8KDC2)
2022-06-12 17:10:22,153 [ERROR] 商品情報の更新ができませんでした (item_id : HWEI96RY23)
2022-06-12 18:33:22,612 [WARNING] APIサーバと接続が切れています. 3秒後にリトライします (server: SV-0019)
2022-06-12 18:39:19,017 [WARNING] APIサーバと接続が切れています. 3秒後にリトライしますs (server: SV-0018)
2022-06-12 20:21:22,153 [ERROR] 商品情報の更新ができませんでした (item_id : EIT28DQ210)
2022-06-12 21:36:29,368 [ERROR] ブランド情報の更新ができませんでした (brand_id : U97VS0HGE8)
2022-06-12 21:12:42,582 [ERROR] 商品情報の更新ができませんでした (item_id : MC459UY75H)
2022-06-12 22:34:11,356 [ERROR] ユーザ情報の更新ができませんでした (user_id :KJ83U0S7RD)
2022-06-12 22:40:47,356 [ERROR] ユーザ情報の更新ができませんでした (user_id : L972U4XSE4)
2022-06-12 22:42:27,595 [INFO] DB disconnected
2022-06-12 22:42:27,798 [INFO] Application close
